<?xml version="1.0" encoding="UTF-8"?><testsuite errors="1" failures="0" name="Correo electronico gmail" skipped="0" tests="1" time="28.6" timestamp="2017-11-314 05:01:41"><testcase name="ingreso a correo electronico de gmail"><error message="no such element: Unable to locate element: {&quot;method&quot;:&quot;xpath&quot;,&quot;selector&quot;:&quot;.//table/tbody/tr/td[2]/div/div/textarea[@role='combobox']&quot;}&#10;  (Session info: chrome=60.0.3112.78)&#10;  (Driver info: chromedriver=2.29.461591 (62ebf098771772160f391d75e589dc567915b233),platform=Windows NT 6.1.7601 SP1 x86_64) (WARNING: The server did not provide any stacktrace information)&#10;Command duration or timeout: 27 milliseconds&#10;For documentation on this error, please visit: http://seleniumhq.org/exceptions/no_such_element.html&#10;Build info: version: '2.53.1', revision: 'a36b8b1cd5757287168e54b817830adce9b0158d', time: '2016-06-30 19:26:09'&#10;System info: host: 'PQVSQ02732', ip: '20.5.50.18', os.name: 'Windows 7', os.arch: 'amd64', os.version: '6.1', java.version: '1.8.0_45'&#10;Driver info: org.openqa.selenium.chrome.ChromeDriver&#10;Capabilities [{applicationCacheEnabled=false, rotatable=false, mobileEmulationEnabled=false, networkConnectionEnabled=false, chrome={chromedriverVersion=2.29.461591 (62ebf098771772160f391d75e589dc567915b233), userDataDir=C:\Users\tanigral\AppData\Local\Temp\scoped_dir16388_19653}, takesHeapSnapshot=true, pageLoadStrategy=normal, databaseEnabled=false, handlesAlerts=true, hasTouchScreen=false, version=60.0.3112.78, platform=XP, browserConnectionEnabled=false, nativeEvents=true, acceptSslCerts=true, locationContextEnabled=true, webStorageEnabled=true, browserName=chrome, takesScreenshot=true, javascriptEnabled=true, cssSelectorsEnabled=true, unexpectedAlertBehaviour=}]&#10;Session ID: fee0ea2405b757415acd6defdb37bc0f&#10;*** Element info: {Using=xpath, value=.//table/tbody/tr/td[2]/div/div/textarea[@role='combobox']}" type="org.openqa.selenium.NoSuchElementException">no such element: Unable to locate element: {"method":"xpath","selector":".//table/tbody/tr/td[2]/div/div/textarea[@role='combobox']"}
  (Session info: chrome=60.0.3112.78)
  (Driver info: chromedriver=2.29.461591 (62ebf098771772160f391d75e589dc567915b233),platform=Windows NT 6.1.7601 SP1 x86_64) (WARNING: The server did not provide any stacktrace information)
Command duration or timeout: 27 milliseconds
For documentation on this error, please visit: http://seleniumhq.org/exceptions/no_such_element.html
Build info: version: '2.53.1', revision: 'a36b8b1cd5757287168e54b817830adce9b0158d', time: '2016-06-30 19:26:09'
System info: host: 'PQVSQ02732', ip: '20.5.50.18', os.name: 'Windows 7', os.arch: 'amd64', os.version: '6.1', java.version: '1.8.0_45'
Driver info: org.openqa.selenium.chrome.ChromeDriver
Capabilities [{applicationCacheEnabled=false, rotatable=false, mobileEmulationEnabled=false, networkConnectionEnabled=false, chrome={chromedriverVersion=2.29.461591 (62ebf098771772160f391d75e589dc567915b233), userDataDir=C:\Users\tanigral\AppData\Local\Temp\scoped_dir16388_19653}, takesHeapSnapshot=true, pageLoadStrategy=normal, databaseEnabled=false, handlesAlerts=true, hasTouchScreen=false, version=60.0.3112.78, platform=XP, browserConnectionEnabled=false, nativeEvents=true, acceptSslCerts=true, locationContextEnabled=true, webStorageEnabled=true, browserName=chrome, takesScreenshot=true, javascriptEnabled=true, cssSelectorsEnabled=true, unexpectedAlertBehaviour=}]
Session ID: fee0ea2405b757415acd6defdb37bc0f
*** Element info: {Using=xpath, value=.//table/tbody/tr/td[2]/div/div/textarea[@role='combobox']}</error><system-err>no such element: Unable to locate element: {"method":"xpath","selector":".//table/tbody/tr/td[2]/div/div/textarea[@role='combobox']"}
  (Session info: chrome=60.0.3112.78)
  (Driver info: chromedriver=2.29.461591 (62ebf098771772160f391d75e589dc567915b233),platform=Windows NT 6.1.7601 SP1 x86_64) (WARNING: The server did not provide any stacktrace information)
Command duration or timeout: 27 milliseconds
For documentation on this error, please visit: http://seleniumhq.org/exceptions/no_such_element.html
Build info: version: '2.53.1', revision: 'a36b8b1cd5757287168e54b817830adce9b0158d', time: '2016-06-30 19:26:09'
System info: host: 'PQVSQ02732', ip: '20.5.50.18', os.name: 'Windows 7', os.arch: 'amd64', os.version: '6.1', java.version: '1.8.0_45'
Driver info: org.openqa.selenium.chrome.ChromeDriver
Capabilities [{applicationCacheEnabled=false, rotatable=false, mobileEmulationEnabled=false, networkConnectionEnabled=false, chrome={chromedriverVersion=2.29.461591 (62ebf098771772160f391d75e589dc567915b233), userDataDir=C:\Users\tanigral\AppData\Local\Temp\scoped_dir16388_19653}, takesHeapSnapshot=true, pageLoadStrategy=normal, databaseEnabled=false, handlesAlerts=true, hasTouchScreen=false, version=60.0.3112.78, platform=XP, browserConnectionEnabled=false, nativeEvents=true, acceptSslCerts=true, locationContextEnabled=true, webStorageEnabled=true, browserName=chrome, takesScreenshot=true, javascriptEnabled=true, cssSelectorsEnabled=true, unexpectedAlertBehaviour=}]
Session ID: fee0ea2405b757415acd6defdb37bc0f
*** Element info: {Using=xpath, value=.//table/tbody/tr/td[2]/div/div/textarea[@role='combobox']}&#13;
com.test.correoelectronico.page.CorreoElectronicoGmailPage.enviarMensajeCorreoElectronico(CorreoElectronicoGmailPage.java:48)&#13;
com.test.correoelectronico.steps.CorreoElectronicoGmailSteps.enviarMensajeCorreoElectronico(CorreoElectronicoGmailSteps.java:30)&#13;
com.test.correoelectronico.definitions.CorreoElectronicoGmailDefinitions.enviarMensajeCorreoElectronico(CorreoElectronicoGmailDefinitions.java:24)&#13;
</system-err></testcase></testsuite>